2011-08-17 15:02:49 Debug: Notice (8): Undefined variable: javascript in [C:\Dev\Workspace\elimusms\views\layouts\home.ctp, line 16]
2011-08-17 15:03:24 Debug: Notice (8): Undefined variable: javascript in [C:\Dev\Workspace\elimusms\views\layouts\home.ctp, line 16]
2011-08-18 20:05:44 Debug: Notice (8): Undefined property: School::$Schooladdress in [C:\Dev\Workspace\elimusms\controllers\schools_controller.php, line 26]
2011-08-18 20:05:44 Debug: Notice (8): Trying to get property of non-object in [C:\Dev\Workspace\elimusms\controllers\schools_controller.php, line 26]
2011-08-18 20:25:18 Debug: Notice (8): Undefined property: School::$Schoolsaddress in [C:\Dev\Workspace\elimusms\controllers\schools_controller.php, line 26]
2011-08-18 20:26:38 Debug: Notice (8): Undefined property: Schoolsaddress::$Address in [C:\Dev\Workspace\elimusms\controllers\schools_controller.php, line 27]
2011-08-18 20:52:53 Debug: Notice (8): Use of undefined constant saveOK - assumed 'saveOK' in [C:\Dev\Workspace\elimusms\controllers\schools_controller.php, line 41]
2011-09-07 16:00:34 Debug: Notice (8): Undefined property: Student::$School in [C:\Dev\Workspace\elimusys\src\elimu-ui\elimu-web\elimusms\controllers\students_controller.php, line 8]
2011-09-07 16:02:30 Debug: Notice (8): Undefined property: Student::$School in [C:\Dev\Workspace\elimusys\src\elimu-ui\elimu-web\elimusms\controllers\students_controller.php, line 8]
2011-09-07 19:04:59 Debug: Notice (8): Undefined index: Address in [C:\Dev\Workspace\elimusys\src\elimu-ui\elimu-web\elimusms\views\schools\view.ctp, line 65]
2011-09-07 19:04:59 Debug: Notice (8): Undefined index: Address in [C:\Dev\Workspace\elimusys\src\elimu-ui\elimu-web\elimusms\views\schools\view.ctp, line 70]
2011-09-07 19:04:59 Debug: Notice (8): Undefined index: Address in [C:\Dev\Workspace\elimusys\src\elimu-ui\elimu-web\elimusms\views\schools\view.ctp, line 75]
2011-09-07 19:04:59 Debug: Notice (8): Undefined index: Address in [C:\Dev\Workspace\elimusys\src\elimu-ui\elimu-web\elimusms\views\schools\view.ctp, line 80]
2011-09-07 19:04:59 Debug: Notice (8): Undefined index: Address in [C:\Dev\Workspace\elimusys\src\elimu-ui\elimu-web\elimusms\views\schools\view.ctp, line 85]
2011-09-07 19:04:59 Debug: Notice (8): Undefined index: Address in [C:\Dev\Workspace\elimusys\src\elimu-ui\elimu-web\elimusms\views\schools\view.ctp, line 90]
2011-09-07 19:04:59 Debug: Notice (8): Undefined index: Address in [C:\Dev\Workspace\elimusys\src\elimu-ui\elimu-web\elimusms\views\schools\view.ctp, line 95]
2011-09-07 19:05:00 Debug: Notice (8): Undefined index: Address in [C:\Dev\Workspace\elimusys\src\elimu-ui\elimu-web\elimusms\views\schools\view.ctp, line 65]
2011-09-07 19:05:00 Debug: Notice (8): Undefined index: Address in [C:\Dev\Workspace\elimusys\src\elimu-ui\elimu-web\elimusms\views\schools\view.ctp, line 70]
2011-09-07 19:05:00 Debug: Notice (8): Undefined index: Address in [C:\Dev\Workspace\elimusys\src\elimu-ui\elimu-web\elimusms\views\schools\view.ctp, line 75]
2011-09-07 19:05:00 Debug: Notice (8): Undefined index: Address in [C:\Dev\Workspace\elimusys\src\elimu-ui\elimu-web\elimusms\views\schools\view.ctp, line 80]
2011-09-07 19:05:00 Debug: Notice (8): Undefined index: Address in [C:\Dev\Workspace\elimusys\src\elimu-ui\elimu-web\elimusms\views\schools\view.ctp, line 85]
2011-09-07 19:05:00 Debug: Notice (8): Undefined index: Address in [C:\Dev\Workspace\elimusys\src\elimu-ui\elimu-web\elimusms\views\schools\view.ctp, line 90]
2011-09-07 19:05:00 Debug: Notice (8): Undefined index: Address in [C:\Dev\Workspace\elimusys\src\elimu-ui\elimu-web\elimusms\views\schools\view.ctp, line 95]
2011-09-07 19:06:41 Debug: Notice (8): Undefined index: SchoolAddress in [C:\Dev\Workspace\elimusys\src\elimu-ui\elimu-web\elimusms\controllers\schools_controller.php, line 21]
2011-09-07 19:06:41 Debug: Notice (8): Undefined index: AddressID in [C:\Dev\Workspace\elimusys\src\elimu-ui\elimu-web\elimusms\views\schools\view.ctp, line 65]
2011-09-07 19:06:41 Debug: Notice (8): Undefined index: AddressLine1 in [C:\Dev\Workspace\elimusys\src\elimu-ui\elimu-web\elimusms\views\schools\view.ctp, line 70]
2011-09-07 19:06:41 Debug: Notice (8): Undefined index: AddressLine2 in [C:\Dev\Workspace\elimusys\src\elimu-ui\elimu-web\elimusms\views\schools\view.ctp, line 75]
2011-09-07 19:06:41 Debug: Notice (8): Undefined index: City in [C:\Dev\Workspace\elimusys\src\elimu-ui\elimu-web\elimusms\views\schools\view.ctp, line 80]
2011-09-07 19:06:41 Debug: Notice (8): Undefined index: Country in [C:\Dev\Workspace\elimusys\src\elimu-ui\elimu-web\elimusms\views\schools\view.ctp, line 85]
2011-09-07 19:06:41 Debug: Notice (8): Undefined index: PostalCode in [C:\Dev\Workspace\elimusys\src\elimu-ui\elimu-web\elimusms\views\schools\view.ctp, line 90]
2011-09-07 19:06:41 Debug: Notice (8): Undefined index: Details in [C:\Dev\Workspace\elimusys\src\elimu-ui\elimu-web\elimusms\views\schools\view.ctp, line 95]
2011-09-07 19:06:42 Debug: Notice (8): Undefined index: SchoolAddress in [C:\Dev\Workspace\elimusys\src\elimu-ui\elimu-web\elimusms\controllers\schools_controller.php, line 21]
2011-09-07 19:06:42 Debug: Notice (8): Undefined index: AddressID in [C:\Dev\Workspace\elimusys\src\elimu-ui\elimu-web\elimusms\views\schools\view.ctp, line 65]
2011-09-07 19:06:42 Debug: Notice (8): Undefined index: AddressLine1 in [C:\Dev\Workspace\elimusys\src\elimu-ui\elimu-web\elimusms\views\schools\view.ctp, line 70]
2011-09-07 19:06:42 Debug: Notice (8): Undefined index: AddressLine2 in [C:\Dev\Workspace\elimusys\src\elimu-ui\elimu-web\elimusms\views\schools\view.ctp, line 75]
2011-09-07 19:06:42 Debug: Notice (8): Undefined index: City in [C:\Dev\Workspace\elimusys\src\elimu-ui\elimu-web\elimusms\views\schools\view.ctp, line 80]
2011-09-07 19:06:42 Debug: Notice (8): Undefined index: Country in [C:\Dev\Workspace\elimusys\src\elimu-ui\elimu-web\elimusms\views\schools\view.ctp, line 85]
2011-09-07 19:06:42 Debug: Notice (8): Undefined index: PostalCode in [C:\Dev\Workspace\elimusys\src\elimu-ui\elimu-web\elimusms\views\schools\view.ctp, line 90]
2011-09-07 19:06:42 Debug: Notice (8): Undefined index: Details in [C:\Dev\Workspace\elimusys\src\elimu-ui\elimu-web\elimusms\views\schools\view.ctp, line 95]
2011-09-07 19:07:55 Debug: Notice (8): Undefined index: SchoolAddress in [C:\Dev\Workspace\elimusys\src\elimu-ui\elimu-web\elimusms\controllers\schools_controller.php, line 21]
2011-09-07 19:07:56 Debug: Notice (8): Undefined index: SchoolAddress in [C:\Dev\Workspace\elimusys\src\elimu-ui\elimu-web\elimusms\controllers\schools_controller.php, line 21]
2011-09-07 19:14:54 Debug: Notice (8): Undefined index: AddressID in [C:\Dev\Workspace\elimusys\src\elimu-ui\elimu-web\elimusms\views\schools\view.ctp, line 65]
2011-09-07 19:14:54 Debug: Notice (8): Undefined index: AddressLine1 in [C:\Dev\Workspace\elimusys\src\elimu-ui\elimu-web\elimusms\views\schools\view.ctp, line 70]
2011-09-07 19:14:54 Debug: Notice (8): Undefined index: AddressLine2 in [C:\Dev\Workspace\elimusys\src\elimu-ui\elimu-web\elimusms\views\schools\view.ctp, line 75]
2011-09-07 19:14:55 Debug: Notice (8): Undefined index: City in [C:\Dev\Workspace\elimusys\src\elimu-ui\elimu-web\elimusms\views\schools\view.ctp, line 80]
2011-09-07 19:14:55 Debug: Notice (8): Undefined index: Country in [C:\Dev\Workspace\elimusys\src\elimu-ui\elimu-web\elimusms\views\schools\view.ctp, line 85]
2011-09-07 19:14:55 Debug: Notice (8): Undefined index: PostalCode in [C:\Dev\Workspace\elimusys\src\elimu-ui\elimu-web\elimusms\views\schools\view.ctp, line 90]
2011-09-07 19:14:55 Debug: Notice (8): Undefined index: Details in [C:\Dev\Workspace\elimusys\src\elimu-ui\elimu-web\elimusms\views\schools\view.ctp, line 95]
2011-09-07 19:14:55 Debug: Notice (8): Undefined index: AddressID in [C:\Dev\Workspace\elimusys\src\elimu-ui\elimu-web\elimusms\views\schools\view.ctp, line 65]
2011-09-07 19:14:55 Debug: Notice (8): Undefined index: AddressLine1 in [C:\Dev\Workspace\elimusys\src\elimu-ui\elimu-web\elimusms\views\schools\view.ctp, line 70]
2011-09-07 19:14:55 Debug: Notice (8): Undefined index: AddressLine2 in [C:\Dev\Workspace\elimusys\src\elimu-ui\elimu-web\elimusms\views\schools\view.ctp, line 75]
2011-09-07 19:14:55 Debug: Notice (8): Undefined index: City in [C:\Dev\Workspace\elimusys\src\elimu-ui\elimu-web\elimusms\views\schools\view.ctp, line 80]
2011-09-07 19:14:55 Debug: Notice (8): Undefined index: Country in [C:\Dev\Workspace\elimusys\src\elimu-ui\elimu-web\elimusms\views\schools\view.ctp, line 85]
2011-09-07 19:14:55 Debug: Notice (8): Undefined index: PostalCode in [C:\Dev\Workspace\elimusys\src\elimu-ui\elimu-web\elimusms\views\schools\view.ctp, line 90]
2011-09-07 19:14:55 Debug: Notice (8): Undefined index: Details in [C:\Dev\Workspace\elimusys\src\elimu-ui\elimu-web\elimusms\views\schools\view.ctp, line 95]
2011-09-07 19:16:37 Debug: Notice (8): Undefined index: SchoolAddress in [C:\Dev\Workspace\elimusys\src\elimu-ui\elimu-web\elimusms\controllers\schools_controller.php, line 109]
2011-09-07 19:16:38 Debug: Notice (8): Undefined index: SchoolAddress in [C:\Dev\Workspace\elimusys\src\elimu-ui\elimu-web\elimusms\controllers\schools_controller.php, line 109]
2011-09-07 19:17:39 Debug: Notice (8): Undefined index: SchoolAddress in [C:\Dev\Workspace\elimusys\src\elimu-ui\elimu-web\elimusms\controllers\schools_controller.php, line 108]
2011-09-07 19:17:40 Debug: Notice (8): Undefined index: SchoolAddress in [C:\Dev\Workspace\elimusys\src\elimu-ui\elimu-web\elimusms\controllers\schools_controller.php, line 108]
2011-09-07 19:22:40 Debug: Notice (8): Undefined property: View::$datas in [C:\Dev\Workspace\elimusys\src\elimu-ui\elimu-web\elimusms\views\schools\edit.ctp, line 41]
2011-09-07 19:49:27 Debug: Notice (8): Undefined variable: schoolAddress in [C:\Dev\Workspace\elimusys\src\elimu-ui\elimu-web\elimusms\controllers\students_controller.php, line 92]
2011-09-07 19:49:28 Debug: Notice (8): Undefined variable: schoolAddress in [C:\Dev\Workspace\elimusys\src\elimu-ui\elimu-web\elimusms\controllers\students_controller.php, line 92]
2011-09-07 19:49:49 Debug: Notice (8): Undefined variable: schoolAddress in [C:\Dev\Workspace\elimusys\src\elimu-ui\elimu-web\elimusms\controllers\students_controller.php, line 92]
2011-09-07 19:49:50 Debug: Notice (8): Undefined variable: schoolAddress in [C:\Dev\Workspace\elimusys\src\elimu-ui\elimu-web\elimusms\controllers\students_controller.php, line 92]
2011-09-07 19:51:14 Debug: Notice (8): Undefined variable: schoolAddress in [C:\Dev\Workspace\elimusys\src\elimu-ui\elimu-web\elimusms\controllers\students_controller.php, line 92]
2011-09-07 19:51:15 Debug: Notice (8): Undefined variable: schoolAddress in [C:\Dev\Workspace\elimusys\src\elimu-ui\elimu-web\elimusms\controllers\students_controller.php, line 92]
2011-09-07 19:52:19 Debug: Notice (8): Undefined property: Student::$MyAddresses in [C:\Dev\Workspace\elimusys\src\elimu-ui\elimu-web\elimusms\controllers\students_controller.php, line 65]
2011-09-07 19:55:29 Debug: Notice (8): Undefined variable: debug in [C:\Dev\Workspace\elimusys\src\elimu-ui\elimu-web\elimusms\controllers\students_controller.php, line 76]
2011-09-07 19:57:25 Debug: Notice (8): Undefined index: StudentID in [C:\Dev\Workspace\elimusys\src\elimu-ui\elimu-web\elimusms\views\students\edit.ctp, line 37]
2011-09-07 20:12:21 Debug: Notice (8): Undefined variable: schoolOption in [C:\Dev\Workspace\elimusys\src\elimu-ui\elimu-web\elimusms\views\students\view.ctp, line 6]
2011-09-08 13:47:20 Debug: Notice (8): Undefined index: StudentID in [C:\Dev\Workspace\elimusys\src\elimu-ui\elimu-web\elimusms\views\students\edit.ctp, line 37]
2011-09-08 14:06:56 Debug: Notice (8): Undefined index: StudentID in [C:\Dev\Workspace\elimusys\src\elimu-ui\elimu-web\elimusms\views\students\edit.ctp, line 37]
2011-09-08 14:08:31 Debug: Notice (8): Undefined property: StudentsController::$Session in [C:\Dev\Workspace\elimusys\src\elimu-ui\elimu-web\elimusms\controllers\students_controller.php, line 98]
2011-09-08 14:10:16 Debug: Notice (8): Undefined index: StudentID in [C:\Dev\Workspace\elimusys\src\elimu-ui\elimu-web\elimusms\views\students\edit.ctp, line 37]
2011-09-08 14:18:10 Debug: Notice (8): Undefined index: StudentID in [C:\Dev\Workspace\elimusys\src\elimu-ui\elimu-web\elimusms\views\students\edit.ctp, line 37]
2011-09-08 14:24:57 Debug: Notice (8): Undefined index: StudentID in [C:\Dev\Workspace\elimusys\src\elimu-ui\elimu-web\elimusms\views\students\edit.ctp, line 37]
2011-09-08 14:54:06 Debug: Notice (8): Undefined index: StudentID in [C:\Dev\Workspace\elimusys\src\elimu-ui\elimu-web\elimusms\views\students\edit.ctp, line 37]
2011-09-08 14:54:59 Debug: Notice (8): Undefined index: StudentID in [C:\Dev\Workspace\elimusys\src\elimu-ui\elimu-web\elimusms\views\students\edit.ctp, line 37]
2011-09-08 14:58:29 Debug: Notice (8): Undefined index: StudentID in [C:\Dev\Workspace\elimusys\src\elimu-ui\elimu-web\elimusms\views\students\edit.ctp, line 37]
2011-09-08 14:59:21 Debug: Notice (8): Undefined index: StudentID in [C:\Dev\Workspace\elimusys\src\elimu-ui\elimu-web\elimusms\views\students\edit.ctp, line 37]
2011-09-08 15:31:07 Debug: Notice (8): Undefined index: Student in [C:\Dev\Workspace\elimusys\src\elimu-ui\elimu-web\elimusms\views\students\view.ctp, line 6]
2011-09-08 15:31:07 Debug: Notice (8): Undefined index:  in [C:\Dev\Workspace\elimusys\src\elimu-ui\elimu-web\elimusms\views\students\view.ctp, line 6]
2011-09-08 15:31:07 Debug: Notice (8): Undefined index: Student in [C:\Dev\Workspace\elimusys\src\elimu-ui\elimu-web\elimusms\views\students\view.ctp, line 11]
2011-09-08 15:31:07 Debug: Notice (8): Undefined index: Student in [C:\Dev\Workspace\elimusys\src\elimu-ui\elimu-web\elimusms\views\students\view.ctp, line 16]
2011-09-08 15:31:07 Debug: Notice (8): Undefined index: Student in [C:\Dev\Workspace\elimusys\src\elimu-ui\elimu-web\elimusms\views\students\view.ctp, line 21]
2011-09-08 15:31:07 Debug: Notice (8): Undefined index: Student in [C:\Dev\Workspace\elimusys\src\elimu-ui\elimu-web\elimusms\views\students\view.ctp, line 26]
2011-09-08 15:31:07 Debug: Notice (8): Undefined index:  in [C:\Dev\Workspace\elimusys\src\elimu-ui\elimu-web\elimusms\views\students\view.ctp, line 26]
2011-09-08 15:31:07 Debug: Notice (8): Undefined index: Student in [C:\Dev\Workspace\elimusys\src\elimu-ui\elimu-web\elimusms\views\students\view.ctp, line 31]
2011-09-08 15:31:07 Debug: Notice (8): Undefined index: Student in [C:\Dev\Workspace\elimusys\src\elimu-ui\elimu-web\elimusms\views\students\view.ctp, line 36]
2011-09-08 15:31:07 Debug: Notice (8): Undefined index: Student in [C:\Dev\Workspace\elimusys\src\elimu-ui\elimu-web\elimusms\views\students\view.ctp, line 74]
2011-09-08 15:31:07 Debug: Notice (8): Undefined index: Student in [C:\Dev\Workspace\elimusys\src\elimu-ui\elimu-web\elimusms\views\students\view.ctp, line 75]
2011-09-08 15:54:49 Debug: Notice (8): Undefined index: Student in [C:\Dev\Workspace\elimusys\src\elimu-ui\elimu-web\elimusms\views\students\view.ctp, line 6]
2011-09-08 15:54:49 Debug: Notice (8): Undefined index:  in [C:\Dev\Workspace\elimusys\src\elimu-ui\elimu-web\elimusms\views\students\view.ctp, line 6]
2011-09-08 15:54:49 Debug: Notice (8): Undefined index: Student in [C:\Dev\Workspace\elimusys\src\elimu-ui\elimu-web\elimusms\views\students\view.ctp, line 11]
2011-09-08 15:54:49 Debug: Notice (8): Undefined index: Student in [C:\Dev\Workspace\elimusys\src\elimu-ui\elimu-web\elimusms\views\students\view.ctp, line 16]
2011-09-08 15:54:49 Debug: Notice (8): Undefined index: Student in [C:\Dev\Workspace\elimusys\src\elimu-ui\elimu-web\elimusms\views\students\view.ctp, line 21]
2011-09-08 15:54:49 Debug: Notice (8): Undefined index: Student in [C:\Dev\Workspace\elimusys\src\elimu-ui\elimu-web\elimusms\views\students\view.ctp, line 26]
2011-09-08 15:54:49 Debug: Notice (8): Undefined index:  in [C:\Dev\Workspace\elimusys\src\elimu-ui\elimu-web\elimusms\views\students\view.ctp, line 26]
2011-09-08 15:54:49 Debug: Notice (8): Undefined index: Student in [C:\Dev\Workspace\elimusys\src\elimu-ui\elimu-web\elimusms\views\students\view.ctp, line 31]
2011-09-08 15:54:49 Debug: Notice (8): Undefined index: Student in [C:\Dev\Workspace\elimusys\src\elimu-ui\elimu-web\elimusms\views\students\view.ctp, line 36]
2011-09-08 15:54:49 Debug: Notice (8): Undefined index: Student in [C:\Dev\Workspace\elimusys\src\elimu-ui\elimu-web\elimusms\views\students\view.ctp, line 74]
2011-09-08 15:54:49 Debug: Notice (8): Undefined index: Student in [C:\Dev\Workspace\elimusys\src\elimu-ui\elimu-web\elimusms\views\students\view.ctp, line 75]
2011-09-08 15:55:29 Debug: Notice (8): Undefined index: SchoolID in [C:\Dev\Workspace\elimusys\src\elimu-ui\elimu-web\elimusms\views\schools\edit.ctp, line 41]
2011-09-08 17:15:55 Debug: Notice (8): Undefined property: TeachersController::$Student in [C:\Dev\Workspace\elimusys\src\elimu-ui\elimu-web\elimusms\controllers\teachers_controller.php, line 37]
2011-09-08 17:17:00 Debug: Notice (8): Undefined property: TeachersController::$Student in [C:\Dev\Workspace\elimusys\src\elimu-ui\elimu-web\elimusms\controllers\teachers_controller.php, line 37]
2011-09-08 17:17:19 Debug: Notice (8): Undefined property: Teachersaddress::$MyTeacherProfileAddress in [C:\Dev\Workspace\elimusys\src\elimu-ui\elimu-web\elimusms\controllers\teachers_controller.php, line 39]
2011-09-08 17:23:23 Debug: Notice (8): Undefined variable: student in [C:\Dev\Workspace\elimusys\src\elimu-ui\elimu-web\elimusms\views\teachers\view.ctp, line 3]
2011-09-08 17:23:23 Debug: Notice (8): Undefined variable: schoolOptions in [C:\Dev\Workspace\elimusys\src\elimu-ui\elimu-web\elimusms\views\teachers\view.ctp, line 11]
2011-09-08 17:23:23 Debug: Notice (8): Undefined variable: genderOptions in [C:\Dev\Workspace\elimusys\src\elimu-ui\elimu-web\elimusms\views\teachers\view.ctp, line 31]
2011-09-08 17:24:47 Debug: Notice (8): Undefined variable: schoolOptions in [C:\Dev\Workspace\elimusys\src\elimu-ui\elimu-web\elimusms\views\teachers\view.ctp, line 11]
2011-09-08 17:24:47 Debug: Notice (8): Undefined variable: genderOptions in [C:\Dev\Workspace\elimusys\src\elimu-ui\elimu-web\elimusms\views\teachers\view.ctp, line 31]
2011-09-08 17:26:11 Debug: Notice (8): Undefined index: Date Of Birth in [C:\Dev\Workspace\elimusys\src\elimu-ui\elimu-web\elimusms\views\teachers\index.ctp, line 31]
2011-09-08 17:27:27 Debug: Notice (8): Undefined property: Student::$MyCurrentSchool in [C:\Dev\Workspace\elimusys\src\elimu-ui\elimu-web\elimusms\controllers\students_controller.php, line 9]
2011-09-08 18:58:26 Debug: Notice (8): Undefined variable: schoolOptions in [C:\Dev\Workspace\elimusys\src\elimu-ui\elimu-web\elimusms\views\teachers\edit.ctp, line 11]
2011-09-08 18:58:26 Debug: Notice (8): Undefined variable: genderOptions in [C:\Dev\Workspace\elimusys\src\elimu-ui\elimu-web\elimusms\views\teachers\edit.ctp, line 15]
2011-09-08 18:58:30 Debug: Notice (8): Undefined variable: schoolOptions in [C:\Dev\Workspace\elimusys\src\elimu-ui\elimu-web\elimusms\views\teachers\edit.ctp, line 11]
2011-09-08 18:58:30 Debug: Notice (8): Undefined variable: genderOptions in [C:\Dev\Workspace\elimusys\src\elimu-ui\elimu-web\elimusms\views\teachers\edit.ctp, line 15]
