2011-08-11 14:58:15 Warning: Warning (512): C:\Dev\Workspace\elimusms\tmp\cache\ is not writable in [C:\Dev\Workspace\cakephp\cake\libs\cache\file.php, line 267]
2011-08-11 14:58:15 Warning: Warning (512): \persistent\ is not writable in [C:\Dev\Workspace\cakephp\cake\libs\cache\file.php, line 267]
2011-08-11 14:58:15 Warning: Warning (512): \models\ is not writable in [C:\Dev\Workspace\cakephp\cake\libs\cache\file.php, line 267]
2011-08-11 14:59:11 Warning: Warning (512): C:\Dev\Workspace\elimusms\tmp\cache\persistent\ is not writable in [C:\Dev\Workspace\cakephp\cake\libs\cache\file.php, line 267]
2011-08-11 14:59:11 Warning: Warning (512): C:\Dev\Workspace\elimusms\tmp\cache\models\ is not writable in [C:\Dev\Workspace\cakephp\cake\libs\cache\file.php, line 267]
2011-08-16 20:39:28 Warning: Warning (512): <span style="color:Red;text-align:left"><b>SQL Error:</b> 1048: Column 'Phone' cannot be null</span> in [C:\Dev\Workspace\cakephp\cake\libs\model\datasources\dbo_source.php, line 684]
2011-08-17 15:00:55 Warning: Warning (512): Method HtmlHelper::js does not exist in [C:\Dev\Workspace\cakephp\cake\libs\view\helper.php, line 154]
2011-08-17 15:04:56 Warning: Warning (2): array_merge() [<a href='http://php.net/function.array-merge'>function.array-merge</a>]: Argument #2 is not an array in [C:\Dev\Workspace\cakephp\cake\libs\view\helpers\html.php, line 414]
2011-08-17 15:28:20 Warning: Warning (2): fopen(C:\Dev\Workspace\elimusms\tmp\cache\models\cake_model_default_addresses) [<a href='http://php.net/function.fopen'>function.fopen</a>]: failed to open stream: Permission denied in [C:\Dev\Workspace\cakephp\cake\libs\file.php, line 152]
2011-08-17 15:28:20 Warning: Warning (2): unlink(C:\Dev\Workspace\elimusms\tmp\cache\models\cake_model_default_schoolstaff) [<a href='http://php.net/function.unlink'>function.unlink</a>]: Permission denied in [C:\Dev\Workspace\cakephp\cake\libs\file.php, line 294]
2011-08-17 15:28:20 Warning: Warning (2): unlink(C:\Dev\Workspace\elimusms\tmp\cache\models\cake_model_default_schools) [<a href='http://php.net/function.unlink'>function.unlink</a>]: Permission denied in [C:\Dev\Workspace\cakephp\cake\libs\file.php, line 294]
2011-08-17 15:28:20 Warning: Warning (2): unlink(C:\Dev\Workspace\elimusms\tmp\cache\models\cake_model_default_schoolsaddresses) [<a href='http://php.net/function.unlink'>function.unlink</a>]: No such file or directory in [C:\Dev\Workspace\cakephp\cake\libs\file.php, line 294]
2011-08-17 15:28:20 Warning: Warning (2): unlink(C:\Dev\Workspace\elimusms\tmp\cache\models\cake_model_default_studentsaddresses) [<a href='http://php.net/function.unlink'>function.unlink</a>]: No such file or directory in [C:\Dev\Workspace\cakephp\cake\libs\file.php, line 294]
2011-08-17 15:28:20 Warning: Warning (2): unlink(C:\Dev\Workspace\elimusms\tmp\cache\models\cake_model_default_teachers) [<a href='http://php.net/function.unlink'>function.unlink</a>]: Permission denied in [C:\Dev\Workspace\cakephp\cake\libs\file.php, line 294]
2011-08-17 15:28:20 Warning: Warning (2): unlink(C:\Dev\Workspace\elimusms\tmp\cache\models\cake_model_default_studentsclasses) [<a href='http://php.net/function.unlink'>function.unlink</a>]: No such file or directory in [C:\Dev\Workspace\cakephp\cake\libs\file.php, line 294]
2011-08-17 15:28:20 Warning: Warning (2): unlink(C:\Dev\Workspace\elimusms\tmp\cache\models\cake_model_default_teachers) [<a href='http://php.net/function.unlink'>function.unlink</a>]: No such file or directory in [C:\Dev\Workspace\cakephp\cake\libs\file.php, line 294]
2011-09-07 16:03:01 Warning: Warning (512): <span style="color:Red;text-align:left"><b>SQL Error:</b> 1054: Unknown column 'School.SchoolID' in 'field list'</span> in [C:\Dev\Workspace\elimusys\src\elimu-ui\elimu-web\cakephp\cake\libs\model\datasources\dbo_source.php, line 684]
2011-09-07 17:40:29 Warning: Warning (512): <span style="color:Red;text-align:left"><b>SQL Error:</b> 1048: Column 'AddressID' cannot be null</span> in [C:\Dev\Workspace\elimusys\src\elimu-ui\elimu-web\cakephp\cake\libs\model\datasources\dbo_source.php, line 684]
2011-09-07 17:42:46 Warning: Warning (512): <span style="color:Red;text-align:left"><b>SQL Error:</b> 1048: Column 'AddressID' cannot be null</span> in [C:\Dev\Workspace\elimusys\src\elimu-ui\elimu-web\cakephp\cake\libs\model\datasources\dbo_source.php, line 684]
2011-09-07 17:43:54 Warning: Warning (512): <span style="color:Red;text-align:left"><b>SQL Error:</b> 1048: Column 'AddressID' cannot be null</span> in [C:\Dev\Workspace\elimusys\src\elimu-ui\elimu-web\cakephp\cake\libs\model\datasources\dbo_source.php, line 684]
2011-09-07 17:45:33 Warning: Warning (512): <span style="color:Red;text-align:left"><b>SQL Error:</b> 1048: Column 'AddressID' cannot be null</span> in [C:\Dev\Workspace\elimusys\src\elimu-ui\elimu-web\cakephp\cake\libs\model\datasources\dbo_source.php, line 684]
2011-09-07 17:48:10 Warning: Warning (512): <span style="color:Red;text-align:left"><b>SQL Error:</b> 1048: Column 'AddressID' cannot be null</span> in [C:\Dev\Workspace\elimusys\src\elimu-ui\elimu-web\cakephp\cake\libs\model\datasources\dbo_source.php, line 684]
2011-09-07 18:17:52 Warning: Warning (512): <span style="color:Red;text-align:left"><b>SQL Error:</b> 1048: Column 'AddressID' cannot be null</span> in [C:\Dev\Workspace\elimusys\src\elimu-ui\elimu-web\cakephp\cake\libs\model\datasources\dbo_source.php, line 684]
2011-09-07 19:13:02 Warning: Warning (512): <span style="color:Red;text-align:left"><b>SQL Error:</b> 1054: Unknown column 'OwnerSchoolAddress.address_i_d' in 'where clause'</span> in [C:\Dev\Workspace\elimusys\src\elimu-ui\elimu-web\cakephp\cake\libs\model\datasources\dbo_source.php, line 684]
2011-09-07 19:13:03 Warning: Warning (512): <span style="color:Red;text-align:left"><b>SQL Error:</b> 1054: Unknown column 'OwnerSchoolAddress.address_i_d' in 'where clause'</span> in [C:\Dev\Workspace\elimusys\src\elimu-ui\elimu-web\cakephp\cake\libs\model\datasources\dbo_source.php, line 684]
2011-09-07 19:13:21 Warning: Warning (512): <span style="color:Red;text-align:left"><b>SQL Error:</b> 1054: Unknown column 'OwnerSchoolAddress.address_id' in 'where clause'</span> in [C:\Dev\Workspace\elimusys\src\elimu-ui\elimu-web\cakephp\cake\libs\model\datasources\dbo_source.php, line 684]
2011-09-07 19:13:22 Warning: Warning (512): <span style="color:Red;text-align:left"><b>SQL Error:</b> 1054: Unknown column 'OwnerSchoolAddress.address_id' in 'where clause'</span> in [C:\Dev\Workspace\elimusys\src\elimu-ui\elimu-web\cakephp\cake\libs\model\datasources\dbo_source.php, line 684]
2011-09-07 19:57:59 Warning: Warning (2): htmlentities() [<a href='http://php.net/function.htmlentities'>function.htmlentities</a>]: charset `1' not supported, assuming iso-8859-1 in [C:\Dev\Workspace\elimusys\src\elimu-ui\elimu-web\cakephp\cake\libs\view\helpers\html.php, line 298]
2011-09-07 19:58:02 Warning: Warning (2): htmlentities() [<a href='http://php.net/function.htmlentities'>function.htmlentities</a>]: charset `1' not supported, assuming iso-8859-1 in [C:\Dev\Workspace\elimusys\src\elimu-ui\elimu-web\cakephp\cake\libs\view\helpers\html.php, line 298]
2011-09-07 19:58:30 Warning: Warning (2): htmlentities() [<a href='http://php.net/function.htmlentities'>function.htmlentities</a>]: charset `1' not supported, assuming iso-8859-1 in [C:\Dev\Workspace\elimusys\src\elimu-ui\elimu-web\cakephp\cake\libs\view\helpers\html.php, line 298]
2011-09-08 18:58:27 Warning: Warning (2): htmlentities() [<a href='http://php.net/function.htmlentities'>function.htmlentities</a>]: charset `2' not supported, assuming iso-8859-1 in [C:\Dev\Workspace\elimusys\src\elimu-ui\elimu-web\cakephp\cake\libs\view\helpers\html.php, line 298]
2011-09-08 18:58:31 Warning: Warning (2): htmlentities() [<a href='http://php.net/function.htmlentities'>function.htmlentities</a>]: charset `2' not supported, assuming iso-8859-1 in [C:\Dev\Workspace\elimusys\src\elimu-ui\elimu-web\cakephp\cake\libs\view\helpers\html.php, line 298]
2011-09-08 18:58:49 Warning: Warning (2): htmlentities() [<a href='http://php.net/function.htmlentities'>function.htmlentities</a>]: charset `2' not supported, assuming iso-8859-1 in [C:\Dev\Workspace\elimusys\src\elimu-ui\elimu-web\cakephp\cake\libs\view\helpers\html.php, line 298]
2011-09-08 19:00:55 Warning: Warning (2): htmlentities() [<a href='http://php.net/function.htmlentities'>function.htmlentities</a>]: charset `2' not supported, assuming iso-8859-1 in [C:\Dev\Workspace\elimusys\src\elimu-ui\elimu-web\cakephp\cake\libs\view\helpers\html.php, line 298]
2011-09-08 19:02:59 Warning: Warning (2): htmlentities() [<a href='http://php.net/function.htmlentities'>function.htmlentities</a>]: charset `2' not supported, assuming iso-8859-1 in [C:\Dev\Workspace\elimusys\src\elimu-ui\elimu-web\cakephp\cake\libs\view\helpers\html.php, line 298]
